[debug] [2024-06-30T15:46:44.374Z] ----------------------------------------------------------------------
[debug] [2024-06-30T15:46:44.376Z] Command:       C:\Program Files\nodejs\node.exe C:\Users\Abo Anas\AppData\Roaming\npm\node_modules\firebase-tools\lib\bin\firebase.js init
[debug] [2024-06-30T15:46:44.377Z] CLI Version:   13.12.0
[debug] [2024-06-30T15:46:44.377Z] Platform:      win32
[debug] [2024-06-30T15:46:44.377Z] Node Version:  v18.14.0
[debug] [2024-06-30T15:46:44.378Z] Time:          Sun Jun 30 2024 17:46:44 GMT+0200 (Eastern European Standard Time)
[debug] [2024-06-30T15:46:44.379Z] ----------------------------------------------------------------------
[debug] 
[debug] [2024-06-30T15:46:44.387Z] > command requires scopes: ["email","openid","https://www.googleapis.com/auth/cloudplatformprojects.readonly","https://www.googleapis.com/auth/firebase","https://www.googleapis.com/auth/cloud-platform"]
[debug] [2024-06-30T15:46:44.387Z] > authorizing via signed-in user (ehaphoba@gmail.com)
[info] 
     ######## #### ########  ######## ########     ###     ######  ########
     ##        ##  ##     ## ##       ##     ##  ##   ##  ##       ##
     ######    ##  ########  ######   ########  #########  ######  ######
     ##        ##  ##    ##  ##       ##     ## ##     ##       ## ##
     ##       #### ##     ## ######## ########  ##     ##  ######  ########

You're about to initialize a Firebase project in this directory:

  D:\programing\React Lirning\h2code-e-commerce

[info] 
=== Project Setup
[info] 
[info] First, let's associate this project directory with a Firebase project.
[info] You can create multiple project aliases by running firebase use --add, 
[info] but for now we'll just set up a default project.
[info] 
[debug] [2024-06-30T15:47:19.236Z] >>> [apiv2][query] GET https://firebase.googleapis.com/v1beta1/projects pageSize=100
[debug] [2024-06-30T15:47:20.007Z] <<< [apiv2][status] GET https://firebase.googleapis.com/v1beta1/projects 200
[debug] [2024-06-30T15:47:20.007Z] <<< [apiv2][body] GET https://firebase.googleapis.com/v1beta1/projects [omitted]
[info] i  Using project h2code-e-commerce (h2code-e-commerce) 
[info] 
=== Hosting Setup
[debug] [2024-06-30T15:47:28.250Z] >>> [apiv2][query] GET https://firebase.googleapis.com/v1beta1/projects/h2code-e-commerce [none]
[debug] [2024-06-30T15:47:28.778Z] <<< [apiv2][status] GET https://firebase.googleapis.com/v1beta1/projects/h2code-e-commerce 200
[debug] [2024-06-30T15:47:28.778Z] <<< [apiv2][body] GET https://firebase.googleapis.com/v1beta1/projects/h2code-e-commerce {"projectId":"h2code-e-commerce","projectNumber":"388459136921","displayName":"h2code-e-commerce","name":"projects/h2code-e-commerce","resources":{"hostingSite":"h2code-e-commerce"},"state":"ACTIVE","etag":"1_dbd2e780-3b03-4e08-adc9-0e86aac360e7"}
[info] 
[info] Your public directory is the folder (relative to your project directory) that
[info] will contain Hosting assets to be uploaded with firebase deploy. If you
[info] have a build process for your assets, use your build's output directory.
[info] 
[debug] [2024-06-30T15:47:58.358Z] >>> [apiv2][query] GET https://www.gstatic.com/firebasejs/releases.json [none]
[debug] [2024-06-30T15:47:58.723Z] <<< [apiv2][status] GET https://www.gstatic.com/firebasejs/releases.json 200
[debug] [2024-06-30T15:47:58.723Z] <<< [apiv2][body] GET https://www.gstatic.com/firebasejs/releases.json {"current":{"version":"10.12.2","browserURL":"https://www.gstatic.com/firebasejs/10.12.2/firebase.js","packageURL":"https://www.gstatic.com/firebasejs/10.12.2/firebase.tgz"},"live":{"version":"10.12","browserURL":"https://www.gstatic.com/firebasejs/live/10.12/firebase.js","packageURL":"https://www.gstatic.com/firebasejs/live/10.12/firebase.tgz"},"components":{"analytics":"https://www.gstatic.com/firebasejs/10.12.2/firebase-analytics.js","app":"https://www.gstatic.com/firebasejs/10.12.2/firebase-app.js","app-check":"https://www.gstatic.com/firebasejs/10.12.2/firebase-app-check.js","auth":"https://www.gstatic.com/firebasejs/10.12.2/firebase-auth.js","auth/cordova":"https://www.gstatic.com/firebasejs/10.12.2/firebase-auth/cordova.js","auth/web-extension":"https://www.gstatic.com/firebasejs/10.12.2/firebase-auth/web-extension.js","functions":"https://www.gstatic.com/firebasejs/10.12.2/firebase-functions.js","firestore":"https://www.gstatic.com/firebasejs/10.12.2/firebase-firestore.js","firestore/lite":"https://www.gstatic.com/firebasejs/10.12.2/firebase-firestore/lite.js","installations":"https://www.gstatic.com/firebasejs/10.12.2/firebase-installations.js","storage":"https://www.gstatic.com/firebasejs/10.12.2/firebase-storage.js","performance":"https://www.gstatic.com/firebasejs/10.12.2/firebase-performance.js","remote-config":"https://www.gstatic.com/firebasejs/10.12.2/firebase-remote-config.js","messaging":"https://www.gstatic.com/firebasejs/10.12.2/firebase-messaging.js","messaging/sw":"https://www.gstatic.com/firebasejs/10.12.2/firebase-messaging/sw.js","database":"https://www.gstatic.com/firebasejs/10.12.2/firebase-database.js","vertexai-preview":"https://www.gstatic.com/firebasejs/10.12.2/firebase-vertexai-preview.js","firestore.memory":"https://www.gstatic.com/firebasejs/10.12.2/firebase-firestore.memory.js"}}
[info] i  Skipping write of public/index.html 
[info] 
[info] i  Detected a .git folder at D:\programing\React Lirning\h2code-e-commerce 
[info] i  Authorizing with GitHub to upload your service account to a GitHub repository's secrets store. 
[info] 
[info] Visit this URL on this device to log in:
[info] https://github.com/login/oauth/authorize?client_id=89cf50f02ac6aaed3484&state=992992201&redirect_uri=http%3A%2F%2Flocalhost%3A9005&scope=read%3Auser%20repo%20public_repo
[info] 
[info] Waiting for authentication...
[debug] [2024-06-30T15:48:54.520Z] >>> [apiv2][query] POST https://github.com/login/oauth/access_token [none]
[debug] [2024-06-30T15:48:54.520Z] >>> [apiv2][body] POST https://github.com/login/oauth/access_token [stream]
[debug] [2024-06-30T15:48:55.073Z] <<< [apiv2][status] POST https://github.com/login/oauth/access_token 200
[debug] [2024-06-30T15:48:55.073Z] <<< [apiv2][body] POST https://github.com/login/oauth/access_token {"access_token":"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","token_type":"bearer","scope":"read:user,repo"}
[debug] [2024-06-30T15:48:55.095Z] >>> [apiv2][query] GET https://api.github.com/user [none]
[debug] [2024-06-30T15:48:55.648Z] <<< [apiv2][status] GET https://api.github.com/user 200
[debug] [2024-06-30T15:48:55.648Z] <<< [apiv2][body] GET https://api.github.com/user {"login":"Ehab-Elshahat","id":61202200,"node_id":"MDQ6VXNlcjYxMjAyMjAw","avatar_url":"https://avatars.githubusercontent.com/u/61202200?v=4","gravatar_id":"","url":"https://api.github.com/users/Ehab-Elshahat","html_url":"https://github.com/Ehab-Elshahat","followers_url":"https://api.github.com/users/Ehab-Elshahat/followers","following_url":"https://api.github.com/users/Ehab-Elshahat/following{/other_user}","gists_url":"https://api.github.com/users/Ehab-Elshahat/gists{/gist_id}","starred_url":"https://api.github.com/users/Ehab-Elshahat/starred{/owner}{/repo}","subscriptions_url":"https://api.github.com/users/Ehab-Elshahat/subscriptions","organizations_url":"https://api.github.com/users/Ehab-Elshahat/orgs","repos_url":"https://api.github.com/users/Ehab-Elshahat/repos","events_url":"https://api.github.com/users/Ehab-Elshahat/events{/privacy}","received_events_url":"https://api.github.com/users/Ehab-Elshahat/received_events","type":"User","site_admin":false,"name":"Ehab Elshahat","company":null,"blog":"","location":null,"email":null,"hireable":null,"bio":null,"twitter_username":null,"public_repos":45,"public_gists":0,"followers":7,"following":0,"created_at":"2020-02-18T17:08:59Z","updated_at":"2024-06-23T12:57:54Z","private_gists":0,"total_private_repos":0,"owned_private_repos":0,"disk_usage":377856,"collaborators":0,"two_factor_authentication":false,"plan":{"name":"free","space":976562499,"collaborators":0,"private_repos":10000}}
[info] 
[info] +  Success! Logged into GitHub as Ehab-Elshahat 
[info] 
[debug] [2024-06-30T15:49:14.769Z] >>> [apiv2][query] GET https://api.github.com/repos//actions/secrets/public-key type=owner
[debug] [2024-06-30T15:49:15.331Z] <<< [apiv2][status] GET https://api.github.com/repos//actions/secrets/public-key 404
[debug] [2024-06-30T15:49:15.331Z] <<< [apiv2][body] GET https://api.github.com/repos//actions/secrets/public-key {"message":"Not Found","documentation_url":"https://docs.github.com/rest","status":"404"}
[info] 
[info] 
[error] !  The provided authorization cannot be used with this repository. If this repository is in an organization, did you remember to grant access? 
[info] 
[info] i  Action required: Visit this URL to ensure access has been granted to the appropriate organization(s) for the Firebase CLI GitHub OAuth App: 
[info] https://github.com/settings/connections/applications/89cf50f02ac6aaed3484
[info] 
